<?xml version="1.0" encoding="UTF-8"?>
<!-- Generated by org.testng.reporters.JUnitXMLReporter -->
<testsuite ignored="1" hostname="Sabah" failures="1" tests="2" name="Regression" time="12.807" errors="0" timestamp="2024-04-16T22:05:08 EDT">
  <testcase classname="com.neotech.testcases.LoginTest" name="invalidPasswordLogin" time="2.812">
    <failure type="java.lang.AssertionError" message="Error messages do NOT match!!! expected [Invalid Credentials - ] but found [Invalid Credentials]">
      <![CDATA[java.lang.AssertionError: Error messages do NOT match!!! expected [Invalid Credentials - ] but found [Invalid Credentials]
at com.neotech.testcases.LoginTest.invalidPasswordLogin(LoginTest.java:78)
at java.base/java.util.ArrayList.forEach(ArrayList.java:1511)
... Removed 32 stack frames]]>
    </failure>
  </testcase> <!-- invalidPasswordLogin -->
  <testcase classname="com.neotech.testcases.LoginTest" name="validLogin" time="3.602"/>
  <testcase classname="com.neotech.testcases.LoginTest" name="emptyPasswordLogin" time="0.0">
    <ignored/>
  </testcase> <!-- emptyPasswordLogin -->
</testsuite> <!-- Regression -->
