<?xml version="1.0" encoding="UTF-8"?>
<!-- Generated by org.testng.reporters.JUnitXMLReporter -->
<testsuite ignored="1" hostname="Sabah" failures="0" tests="2" name="Smoke" time="11.067" errors="0" timestamp="2024-04-16T22:02:47 EDT">
  <testcase classname="com.neotech.testcases.LoginTest" name="emptyPasswordLogin" time="0.864"/>
  <testcase classname="com.neotech.testcases.LoginTest" name="validLogin" time="3.617"/>
  <testcase classname="com.neotech.testcases.LoginTest" name="invalidPasswordLogin" time="0.0">
    <ignored/>
  </testcase> <!-- invalidPasswordLogin -->
</testsuite> <!-- Smoke -->
